make all --print-data-base --no-builtin-variables --no-builtin-rules --question
# GNU Make 4.2.1
# Built for x86_64-pc-linux-gnu
# Copyright (C) 1988-2016 Free Software Foundation, Inc.
# License GPLv3+: GNU GPL version 3 or later <http://gnu.org/licenses/gpl.html>
# This is free software: you are free to change and redistribute it.
# There is NO WARRANTY, to the extent permitted by law.
 

# Make data base, printed on Tue Jun  7 19:28:07 2022

# Variables

# 'override' directive
GNUMAKEFLAGS := 
# automatic
<D = $(patsubst %/,%,$(dir $<))
# automatic
?F = $(notdir $?)
# environment
DESKTOP_SESSION = ubuntu
# default
.SHELLFLAGS := -c
# environment
XDG_SESSION_CLASS = user
# environment
XDG_SESSION_TYPE = x11
# environment
VSCODE_LOG_NATIVE = false
# automatic
?D = $(patsubst %/,%,$(dir $?))
# environment
IM_CONFIG_PHASE = 1
# automatic
@D = $(patsubst %/,%,$(dir $@))
# environment
XAUTHORITY = /run/user/1000/gdm/Xauthority
# environment
GDMSESSION = ubuntu
# environment
XMODIFIERS = @im=ibus
# makefile
CURDIR := /home/kevin/Documents/Maestria PCI/Paralela y Concurrente/Kevin-Trejos-Concurrente-2022-I/actividades/5/position_race_condvar
# makefile
SHELL = /bin/sh
# environment
VSCODE_NLS_CONFIG = {"locale":"en-us","availableLanguages":{},"_languagePackSupport":true}
# environment
_ = /usr/share/code/code
# makefile (from 'Makefile', line 6)
CFLAGS = -g -Wall -Wextra
# environment
JOURNAL_STREAM = 9:42955
# environment
XDG_CONFIG_DIRS = /etc/xdg/xdg-ubuntu:/etc/xdg
# makefile (from 'Makefile', line 1)
MAKEFILE_LIST :=  Makefile
# automatic
@F = $(notdir $@)
# environment
GIO_LAUNCHED_DESKTOP_FILE = /usr/share/applications/code.desktop
# environment
USERNAME = kevin
# environment
MAKELEVEL := 0
# environment
MANDATORY_PATH = /usr/share/gconf/ubuntu.mandatory.path
# environment
XDG_DATA_DIRS = /usr/share/ubuntu:/usr/local/share/:/usr/share/:/var/lib/snapd/desktop
# environment
DBUS_SESSION_BUS_ADDRESS = unix:path=/run/user/1000/bus
# environment
VSCODE_VERBOSE_LOGGING = true
# environment
MANAGERPID = 1547
# environment
TURTLEBOT3_MODEL = burger
# environment
LESSOPEN = | /usr/bin/lesspipe %s
# environment
LC_NAME = es_CR.UTF-8
# environment
VSCODE_CWD = /home/kevin
# default
MAKE_HOST := x86_64-pc-linux-gnu
# environment
PATH = /home/kevin/.local/bin:/home/kevin/.local/bin:/usr/local/sbin:/usr/local/bin:/usr/sbin:/usr/bin:/sbin:/bin:/usr/games:/usr/local/games:/snap/bin
# environment
GPG_AGENT_INFO = /run/user/1000/gnupg/S.gpg-agent:0:1
# environment
GJS_DEBUG_OUTPUT = stderr
# environment
SESSION_MANAGER = local/kevin-IdeaPad-3-15ARE05:@/tmp/.ICE-unix/1795,unix/kevin-IdeaPad-3-15ARE05:/tmp/.ICE-unix/1795
# environment
XDG_RUNTIME_DIR = /run/user/1000
# environment
XDG_MENU_PREFIX = gnome-
# environment
VSCODE_LOG_STACK = false
# environment
ELECTRON_RUN_AS_NODE = 1
# environment
INVOCATION_ID = 5734c7469701414d9a1941e5992d206d
# default
.FEATURES := target-specific order-only second-expansion else-if shortest-stem undefine oneshell archives jobserver output-sync check-symlink load
# environment
CMAKE_PREFIX_PATH = /home/kevin/catkin_ws/devel
# environment
LS_COLORS = 
# environment
XDG_SESSION_DESKTOP = ubuntu
# environment
SSH_AUTH_SOCK = /run/user/1000/keyring/ssh
# environment
GIO_LAUNCHED_DESKTOP_FILE_PID = 5636
# automatic
%F = $(notdir $%)
# environment
DISPLAY = :1
# environment
VSCODE_PIPE_LOGGING = true
# environment
PWD = /home/kevin/Documents/Maestria PCI/Paralela y Concurrente/Kevin-Trejos-Concurrente-2022-I/actividades/5/position_race_condvar
# default
.LOADED := 
# environment
SSH_AGENT_PID = 1725
# environment
PKG_CONFIG_PATH = /home/kevin/catkin_ws/devel/lib/pkgconfig
# environment
ORIGINAL_XDG_CURRENT_DESKTOP = ubuntu:GNOME
# environment
GTK_MODULES = gail:atk-bridge
# environment
VSCODE_AMD_ENTRYPOINT = vs/workbench/api/node/extensionHostProcess
# environment
HOME = /home/kevin
# environment
LD_LIBRARY_PATH = /home/kevin/catkin_ws/devel/lib
# environment
LESSCLOSE = /usr/bin/lesspipe %s %s
# environment
VSCODE_CODE_CACHE_PATH = /home/kevin/.config/Code/CachedData/da15b6fd3ef856477bf6f4fb29ba1b7af717770d
# environment
LOGNAME = kevin
# environment
APPLICATION_INSIGHTS_NO_DIAGNOSTIC_CHANNEL = 1
# automatic
+F = $(notdir $+)
# environment
VSCODE_HANDLES_UNCAUGHT_ERRORS = true
# environment
GNOME_DESKTOP_SESSION_ID = this-is-deprecated
# automatic
^D = $(patsubst %/,%,$(dir $^))
# environment
LC_TIME = es_CR.UTF-8
# default
MAKE = $(MAKE_COMMAND)
# default
MAKECMDGOALS := all
# environment
QT_IM_MODULE = ibus
# environment
SHLVL = 0
# makefile (from 'Makefile', line 4)
CC = cc
# makefile (from 'Makefile', line 2)
EXECUTABLES = $(APPNAME) $(APPNAME)_asan $(APPNAME)_msan $(APPNAME)_tsan $(APPNAME)_ubsan
# environment
GNOME_SHELL_SESSION_MODE = ubuntu
# environment
VSCODE_IPC_HOOK_EXTHOST = /run/user/1000/vscode-ipc-828a8088-20fc-42d8-8b8a-bf75d71c760c.sock
# default
MAKE_VERSION := 4.2.1
# environment
USER = kevin
# environment
LC_MONETARY = es_CR.UTF-8
# makefile
.DEFAULT_GOAL := all
# environment
XDG_CURRENT_DESKTOP = Unity
# automatic
%D = $(patsubst %/,%,$(dir $%))
# environment
LC_TELEPHONE = es_CR.UTF-8
# default
MAKE_COMMAND := make
# default
.VARIABLES := 
# automatic
*F = $(notdir $*)
# environment
VSCODE_IPC_HOOK = /run/user/1000/vscode-830a5e2f-1.67.1-main.sock
# environment
PYTHONPATH = /home/kevin/catkin_ws/devel/lib/python2.7/dist-packages
# makefile
MAKEFLAGS = pqrR
# environment
MFLAGS = -pqrR
# automatic
*D = $(patsubst %/,%,$(dir $*))
# automatic
+D = $(patsubst %/,%,$(dir $+))
# environment
GDK_BACKEND = x11
# environment
LC_PAPER = es_CR.UTF-8
 
# makefile (from 'Makefile', line 1)
APPNAME = position_race_barrier
# environment
QT_ACCESSIBILITY = 1
# environment
DEFAULTS_PATH = /usr/share/gconf/ubuntu.default.path
# default
MAKEFILES := 
# environment
LC_NUMERIC = es_CR.UTF-8
# automatic
<F = $(notdir $<)
# makefile (from 'Makefile', line 5)
CC2 = clang
# environment
LC_MEASUREMENT = es_CR.UTF-8
# environment
ROS_MASTER_URI = http://localhost:11311
# environment
LC_ALL = C
# environment
GJS_DEBUG_TOPICS = JS ERROR;JS LOG
# makefile (from 'Makefile', line 7)
LIBS = -pthread
# automatic
^F = $(notdir $^)
# default
SUFFIXES := 
# environment
ROS_HOSTNAME = localhost
# environment
CHROME_DESKTOP = code-url-handler.desktop
# environment
WINDOWPATH = 2
# default
.INCLUDE_DIRS = /usr/include /usr/local/include /usr/include
# environment
LC_IDENTIFICATION = es_CR.UTF-8
# default
.RECIPEPREFIX := 
# environment
LC_ADDRESS = es_CR.UTF-8
# environment
LANG = C
# environment
VSCODE_PID = 5636
# variable set hash-table stats:
# Load=121/1024=12%, Rehash=0, Collisions=20/163=12%

# Pattern-specific Variable Values

# No pattern-specific variable values.

# Directories

# . (device 66309, inode 9179755): 11 files, no impossibilities.

# 11 files, no impossibilities in 1 directories.

# Implicit Rules

# No implicit rules.

# Files

position_race_barrier_ubsan: position_race_barrier.c
#  Implicit rule search has not been done.
 
#  Last modified 2022-06-07 19:27:18.600813007
#  File has been updated.
#  Successfully updated.
#  recipe to execute (from 'Makefile', line 24):
	$(CC2) $(CFLAGS) -fsanitize=undefined $(APPNAME).c -o $(APPNAME)_ubsan $(LIBS)

all: position_race_barrier position_race_barrier_asan position_race_barrier_msan position_race_barrier_tsan position_race_barrier_ubsan
#  Command line target.
#  Implicit rule search has been done.
#  File does not exist.
#  File has been updated.
#  Successfully updated.

.PHONY: memcheck helgrind rebuild lint gitignore clean
#  Implicit rule search has not been done.
#  Modification time never checked.
#  File has not been updated.

memcheck:
#  Phony target (prerequisite of .PHONY).
#  Implicit rule search has not been done.
#  File does not exist.
#  File has not been updated.
#  recipe to execute (from 'Makefile', line 28):
	valgrind ./$(APPNAME)

position_race_barrier_tsan: position_race_barrier.c
#  Implicit rule search has not been done.
#  Last modified 2022-06-07 19:27:18.500811424
#  File has been updated.
#  Successfully updated.
 
#  recipe to execute (from 'Makefile', line 21):
 
	$(CC2) $(CFLAGS) -fsanitize=thread $(APPNAME).c -o $(APPNAME)_tsan $(LIBS)

# Not a target:
Makefile:
#  Implicit rule search has been done.
#  Last modified 2022-06-07 19:27:16.092773299
#  File has been updated.
#  Successfully updated.

rebuild: clean position_race_barrier
#  Phony target (prerequisite of .PHONY).
#  Implicit rule search has not been done.
 
#  File does not exist.
#  File has not been updated.

gitignore:
#  Phony target (prerequisite of .PHONY).
#  Implicit rule search has not been done.
#  File does not exist.
#  File has not been updated.
#  recipe to execute (from 'Makefile', line 43):
	echo $(EXECUTABLES) | tr " " "\n" > .gitignore

# Not a target:
.DEFAULT:
#  Implicit rule search has not been done.
#  Modification time never checked.
#  File has not been updated.

position_race_barrier: position_race_barrier.c
#  Implicit rule search has not been done.
#  Last modified 2022-06-07 19:27:17.960802875
#  File has been updated.
#  Successfully updated.
#  recipe to execute (from 'Makefile', line 12):
	$(CC) $(CFLAGS) $(APPNAME).c -o $(APPNAME) $(LIBS)

clean:
#  Phony target (prerequisite of .PHONY).
#  Implicit rule search has not been done.
#  File does not exist.
#  File has not been updated.
#  recipe to execute (from 'Makefile', line 47):
	rm -rf $(EXECUTABLES)

position_race_barrier_msan: position_race_barrier.c
#  Implicit rule search has not been done.
#  Last modified 2022-06-07 19:27:18.336808828
#  File has been updated.
#  Successfully updated.
#  recipe to execute (from 'Makefile', line 18):
	$(CC2) $(CFLAGS) -fsanitize=memory $(APPNAME).c -o $(APPNAME)_msan $(LIBS)

position_race_barrier_asan: position_race_barrier.c
#  Implicit rule search has not been done.
#  Last modified 2022-06-07 19:27:18.196806611
#  File has been updated.
#  Successfully updated.
#  recipe to execute (from 'Makefile', line 15):
	$(CC2) $(CFLAGS) -fsanitize=address $(APPNAME).c -o $(APPNAME)_asan $(LIBS)

lint:
#  Phony target (prerequisite of .PHONY).
#  Implicit rule search has not been done.
#  File does not exist.
#  File has not been updated.
#  recipe to execute (from 'Makefile', line 39):
	cpplint --filter=-readability/casting $(APPNAME).c

helgrind:
 
#  Phony target (prerequisite of .PHONY).
#  Implicit rule search has not been done.
#  File does not exist.
#  File has not been updated.
#  recipe to execute (from 'Makefile', line 32):
	valgrind --tool=helgrind --quiet ./$(APPNAME)

# Not a target:
position_race_barrier.c:
#  Implicit rule search has been done.
#  Last modified 2022-06-07 19:24:56.274566681
#  File has been updated.
#  Successfully updated.

# files hash-table stats:
# Load=17/1024=2%, Rehash=0, Collisions=0/62=0%
# VPATH Search Paths

# No 'vpath' search paths.

# No general ('VPATH' variable) search path.

# strcache buffers: 1 (0) / strings = 23 / storage = 297 B / avg = 12 B
# current buf: size = 8162 B / used = 297 B / count = 23 / avg = 12 B

# strcache performance: lookups = 74 / hit rate = 68%
# hash-table stats:
# Load=23/8192=0%, Rehash=0, Collisions=1/74=1%
# Finished Make data base on Tue Jun  7 19:28:07 2022

 
