make all --print-data-base --no-builtin-variables --no-builtin-rules --question
make: *** No rule to make target 'all'.  Stop.

# GNU Make 4.2.1
# Built for x86_64-pc-linux-gnu
# Copyright (C) 1988-2016 Free Software Foundation, Inc.
# License GPLv3+: GNU GPL version 3 or later <http://gnu.org/licenses/gpl.html>
# This is free software: you are free to change and redistribute it.
# There is NO WARRANTY, to the extent permitted by law.

# Make data base, printed on Sat May 14 07:42:06 2022

# Variables

# 'override' directive
GNUMAKEFLAGS := 
# automatic
<D = $(patsubst %/,%,$(dir $<))
# automatic
?F = $(notdir $?)
# makefile (from 'Makefile', line 2)
DIRS = src
# environment
DESKTOP_SESSION = ubuntu
# default
.SHELLFLAGS := -c
# environment
XDG_SESSION_CLASS = user
# environment
XDG_SESSION_TYPE = x11
# environment
VSCODE_LOG_NATIVE = false
# automatic
?D = $(patsubst %/,%,$(dir $?))
# environment
IM_CONFIG_PHASE = 1
# automatic
@D = $(patsubst %/,%,$(dir $@))
# environment
XAUTHORITY = /run/user/1000/gdm/Xauthority
# environment
GDMSESSION = ubuntu
# environment
XMODIFIERS = @im=ibus
# makefile
CURDIR := /home/kevin/Documents/Maestria PCI/Paralela y Concurrente/Kevin-Trejos-Concurrente-2022-I/tareas/tetris_solver_pthreads
# makefile
SHELL = /bin/sh
# environment
VSCODE_NLS_CONFIG = {"locale":"en-us","availableLanguages":{},"_languagePackSupport":true}
# environment
_ = /usr/share/code/code
# makefile (from 'Makefile', line 9)
CFLAGS = -Wall -Wextra
# environment
JOURNAL_STREAM = 9:45375
# environment
XDG_CONFIG_DIRS = /etc/xdg/xdg-ubuntu:/etc/xdg
# makefile (from 'Makefile', line 1)
MAKEFILE_LIST :=  Makefile
# automatic
@F = $(notdir $@)
# environment
GIO_LAUNCHED_DESKTOP_FILE = /usr/share/applications/code.desktop
# environment
USERNAME = kevin
# makefile (from 'Makefile', line 4)
SOURCES = $(wildcard $(DIRS:%=%/*.c))
# environment
MAKELEVEL := 0
# environment
MANDATORY_PATH = /usr/share/gconf/ubuntu.mandatory.path
# environment
XDG_DATA_DIRS = /usr/share/ubuntu:/usr/local/share/:/usr/share/:/var/lib/snapd/desktop
# environment
DBUS_SESSION_BUS_ADDRESS = unix:path=/run/user/1000/bus
# makefile (from 'Makefile', line 11)
LIBS2 = -lm
# environment
VSCODE_VERBOSE_LOGGING = true
# environment
MANAGERPID = 1516
# environment
TURTLEBOT3_MODEL = burger
# environment
LESSOPEN = | /usr/bin/lesspipe %s
# environment
LC_NAME = es_CR.UTF-8
# environment
VSCODE_CWD = /home/kevin
# default
MAKE_HOST := x86_64-pc-linux-gnu
# environment
PATH = /home/kevin/.local/bin:/home/kevin/.local/bin:/usr/local/sbin:/usr/local/bin:/usr/sbin:/usr/bin:/sbin:/bin:/usr/games:/usr/local/games:/snap/bin
# environment
GPG_AGENT_INFO = /run/user/1000/gnupg/S.gpg-agent:0:1
# environment
GJS_DEBUG_OUTPUT = stderr
# makefile (from 'Makefile', line 13)
LINTFILTERS = $ -build/c++11,$ -build/header_guard,$ -build/include_subdir,$ -readability/casting,$ -runtime/references
# environment
SESSION_MANAGER = local/kevin-IdeaPad-3-15ARE05:@/tmp/.ICE-unix/1761,unix/kevin-IdeaPad-3-15ARE05:/tmp/.ICE-unix/1761
# environment
XDG_RUNTIME_DIR = /run/user/1000
# environment
XDG_MENU_PREFIX = gnome-
# environment
VSCODE_LOG_STACK = false
# environment
ELECTRON_RUN_AS_NODE = 1
# environment
INVOCATION_ID = 0bbd43808e8a437f8866b1453afa591f
# default
.FEATURES := target-specific order-only second-expansion else-if shortest-stem undefine oneshell archives jobserver output-sync check-symlink load
# environment
CMAKE_PREFIX_PATH = /home/kevin/catkin_ws/devel
# environment
LS_COLORS = 
# environment
XDG_SESSION_DESKTOP = ubuntu
# environment
SSH_AUTH_SOCK = /run/user/1000/keyring/ssh
# environment
GIO_LAUNCHED_DESKTOP_FILE_PID = 3199
# automatic
%F = $(notdir $%)
# environment
DISPLAY = :1
# environment
VSCODE_PIPE_LOGGING = true
# environment
PWD = /home/kevin/Documents/Maestria PCI/Paralela y Concurrente/Kevin-Trejos-Concurrente-2022-I/tareas/tetris_solver_pthreads
# default
.LOADED := 
# environment
SSH_AGENT_PID = 1690
# environment
PKG_CONFIG_PATH = /home/kevin/catkin_ws/devel/lib/pkgconfig
# environment
ORIGINAL_XDG_CURRENT_DESKTOP = ubuntu:GNOME
# environment
GTK_MODULES = gail:atk-bridge
# environment
VSCODE_AMD_ENTRYPOINT = vs/workbench/api/node/extensionHostProcess
# environment
HOME = /home/kevin
# environment
LD_LIBRARY_PATH = /home/kevin/catkin_ws/devel/lib
# environment
LESSCLOSE = /usr/bin/lesspipe %s %s
# environment
VSCODE_CODE_CACHE_PATH = /home/kevin/.config/Code/CachedData/da15b6fd3ef856477bf6f4fb29ba1b7af717770d
# environment
LOGNAME = kevin
# environment
APPLICATION_INSIGHTS_NO_DIAGNOSTIC_CHANNEL = 1
# automatic
+F = $(notdir $+)
# makefile (from 'Makefile', line 3)
HEADERS = $(wildcard $(DIRS:%=%/*.h))
# environment
VSCODE_HANDLES_UNCAUGHT_ERRORS = true
# environment
GNOME_DESKTOP_SESSION_ID = this-is-deprecated
# automatic
^D = $(patsubst %/,%,$(dir $^))
# environment
LC_TIME = es_CR.UTF-8
# default
MAKE = $(MAKE_COMMAND)
# default
MAKECMDGOALS := all
# environment
QT_IM_MODULE = ibus
# environment
SHLVL = 0
# makefile (from 'Makefile', line 8)
CC = cc -std=gnu11
# environment
GNOME_SHELL_SESSION_MODE = ubuntu
# environment
VSCODE_IPC_HOOK_EXTHOST = /run/user/1000/vscode-ipc-2b2477ec-ad12-43ee-b011-992aeed2cd17.sock
# default
MAKE_VERSION := 4.2.1
# environment
USER = kevin
# environment
LC_MONETARY = es_CR.UTF-8
# makefile
.DEFAULT_GOAL := default
# environment
XDG_CURRENT_DESKTOP = Unity
# automatic
%D = $(patsubst %/,%,$(dir $%))
# environment
LC_TELEPHONE = es_CR.UTF-8
# default
MAKE_COMMAND := make
# default
.VARIABLES := 
# automatic
*F = $(notdir $*)
# environment
VSCODE_IPC_HOOK = /run/user/1000/vscode-830a5e2f-1.67.1-main.sock
# environment
PYTHONPATH = /home/kevin/catkin_ws/devel/lib/python2.7/dist-packages
# makefile
MAKEFLAGS = pqrR
# environment
MFLAGS = -pqrR
# automatic
*D = $(patsubst %/,%,$(dir $*))
# automatic
+D = $(patsubst %/,%,$(dir $+))
# environment
GDK_BACKEND = x11
# makefile (from 'Makefile', line 6)
EXEFILE = bin/$(APPNAME)
# environment
LC_PAPER = es_CR.UTF-8
# makefile (from 'Makefile', line 1)
APPNAME = tetris_solver_serial
# environment
QT_ACCESSIBILITY = 1
# environment
DEFAULTS_PATH = /usr/share/gconf/ubuntu.default.path
# default
MAKEFILES := 
# environment
LC_NUMERIC = es_CR.UTF-8
# automatic
<F = $(notdir $<)
# environment
LC_MEASUREMENT = es_CR.UTF-8
# environment
ROS_MASTER_URI = http://localhost:11311
# environment
LC_ALL = C
# environment
GJS_DEBUG_TOPICS = JS ERROR;JS LOG
# makefile (from 'Makefile', line 10)
LIBS = -pthread 
# automatic
^F = $(notdir $^)
# default
SUFFIXES := 
# environment
ROS_HOSTNAME = localhost
# environment
CHROME_DESKTOP = code-url-handler.desktop
# environment
WINDOWPATH = 2
# default
.INCLUDE_DIRS = /usr/include /usr/local/include /usr/include
# environment
LC_IDENTIFICATION = es_CR.UTF-8
# default
.RECIPEPREFIX := 
# makefile (from 'Makefile', line 5)
OBJECTS = $(SOURCES:%.c=build/%.o)
# environment
LC_ADDRESS = es_CR.UTF-8
# environment
LANG = C
# environment
VSCODE_PID = 3199
# variable set hash-table stats:
# Load=126/1024=12%, Rehash=0, Collisions=18/180=10%

# Pattern-specific Variable Values

# No pattern-specific variable values.

# Directories

# . (device 66309, inode 9306121): 10 files, no impossibilities.
# src (device 66309, inode 9306168): 9 files, no impossibilities.

# 19 files, no impossibilities in 2 directories.

# Implicit Rules

build/%.o: %.c | $(@D)/.
 
#  recipe to execute (from 'Makefile', line 43):
	$(CC) -c $(CFLAGS) $< -o $@ $(LIBS) $(LIBS2)

%/.:
#  recipe to execute (from 'Makefile', line 47):
	mkdir -p $(dir $@)

# 2 implicit rules, 0 (0.0%) terminal.

# Files

# Not a target:
build/src/reader.o:
#  Implicit rule search has not been done.
#  Modification time never checked.
#  File has not been updated.

# Not a target:
%/.:
#  Precious file (prerequisite of .PRECIOUS).
#  Implicit rule search has not been done.
#  Modification time never checked.
#  File has not been updated.

# makefile (from 'Makefile', line 23)
asan: CFLAGS += -fsanitize=address -fno-omit-frame-pointer
asan: bin/tetris_solver_serial
#  Implicit rule search has not been done.
#  Modification time never checked.
#  File has not been updated.
# variable set hash-table stats:
# Load=1/32=3%, Rehash=0, Collisions=0/2=0%

# Not a target:
all:
#  Command line target.
#  Implicit rule search has been done.
#  File does not exist.
#  File has not been updated.

.PHONY: memcheck helgrind rebuild lint gitignore clean
#  Implicit rule search has not been done.
#  Modification time never checked.
#  File has not been updated.

memcheck:
#  Phony target (prerequisite of .PHONY).
#  Implicit rule search has not been done.
#  File does not exist.
#  File has not been updated.
#  recipe to execute (from 'Makefile', line 51):
	valgrind $(EXEFILE)

.PRECIOUS: %/.
#  Implicit rule search has not been done.
#  Modification time never checked.
#  File has not been updated.

# makefile (from 'Makefile', line 24)
msan: CFLAGS += -fsanitize=memory
# makefile (from 'Makefile', line 25)
msan: CC = clang
msan: bin/tetris_solver_serial
#  Implicit rule search has not been done.
#  Modification time never checked.
#  File has not been updated.
# variable set hash-table stats:
# Load=2/32=6%, Rehash=0, Collisions=0/3=0%

# makefile (from 'Makefile', line 26)
tsan: CFLAGS += -fsanitize=thread
tsan: bin/tetris_solver_serial
#  Implicit rule search has not been done.
#  Modification time never checked.
#  File has not been updated.
# variable set hash-table stats:
# Load=1/32=3%, Rehash=0, Collisions=0/2=0%

# Not a target:
.SUFFIXES:
#  Implicit rule search has not been done.
#  Modification time never checked.
#  File has not been updated.

# Not a target:
Makefile:
#  Implicit rule search has been done.
#  Last modified 2022-05-04 18:59:39.27511
#  File has been updated.
#  Successfully updated.

rebuild: clean bin/tetris_solver_serial
#  Phony target (prerequisite of .PHONY).
#  Implicit rule search has not been done.
#  File does not exist.
#  File has not been updated.

# makefile (from 'Makefile', line 20)
debug: CFLAGS += -g
debug: bin/tetris_solver_serial
#  Implicit rule search has not been done.
#  Modification time never checked.
#  File has not been updated.
# variable set hash-table stats:
# Load=1/32=3%, Rehash=0, Collisions=0/2=0%

gitignore:
#  Phony target (prerequisite of .PHONY).
#  Implicit rule search has not been done.
#  File does not exist.
#  File has not been updated.
#  recipe to execute (from 'Makefile', line 66):
	echo "bin/ build/" | tr " " "\n" > .gitignore

# Not a target:
build/src/tetris_figure_factory.o:
#  Implicit rule search has not been done.
#  Modification time never checked.
#  File has not been updated.

default: bin/tetris_solver_serial
#  Implicit rule search has not been done.
#  Modification time never checked.
#  File has not been updated.

.SECONDEXPANSION:
#  Implicit rule search has not been done.
#  Modification time never checked.
#  File has not been updated.

# Not a target:
bin/.:
#  Implicit rule search has not been done.
#  Modification time never checked.
#  File has not been updated.

# makefile (from 'Makefile', line 27)
ubsan: CFLAGS += -fsanitize=undefined
ubsan: bin/tetris_solver_serial
#  Implicit rule search has not been done.
#  Modification time never checked.
#  File has not been updated.
# variable set hash-table stats:
# Load=1/32=3%, Rehash=0, Collisions=0/2=0%

# makefile (from 'Makefile', line 21)
release: CFLAGS += -O3 -DNDEBUG
release: bin/tetris_solver_serial
#  Implicit rule search has not been done.
#  Modification time never checked.
#  File has not been updated.
# variable set hash-table stats:
# Load=1/32=3%, Rehash=0, Collisions=0/2=0%

# Not a target:
.DEFAULT:
#  Implicit rule search has not been done.
#  Modification time never checked.
#  File has not been updated.

clean:
#  Phony target (prerequisite of .PHONY).
#  Implicit rule search has not been done.
#  File does not exist.
#  File has not been updated.
#  recipe to execute (from 'Makefile', line 70):
	rm -rf bin/ build/

# Not a target:
build/src/serial_solver_methods.o:
#  Implicit rule search has not been done.
#  Modification time never checked.
#  File has not been updated.

# Not a target:
build/src/tetris_solver_serial.o:
#  Implicit rule search has not been done.
#  Modification time never checked.
#  File has not been updated.

bin/tetris_solver_serial: build/src/tetris_figure_factory.o build/src/serial_solver_methods.o build/src/tetris_solver_serial.o build/src/reader.o | bin/.
#  Implicit rule search has not been done.
#  Implicit/static pattern stem: ''
#  Modification time never checked.
#  File has not been updated.
# automatic
# @ := bin/tetris_solver_serial
# automatic
# % := 
# automatic
# * := 
# automatic
# + := 
# automatic
# | := 
# automatic
# < := 
# automatic
# ^ := 
# automatic
# ? := 
# variable set hash-table stats:
# Load=8/32=25%, Rehash=0, Collisions=1/10=10%
#  recipe to execute (from 'Makefile', line 40):
	$(CC) $(CFLAGS) $^ -o $@ $(LIBS) $(LIBS2)

lint:
#  Phony target (prerequisite of .PHONY).
#  Implicit rule search has not been done.
#  File does not exist.
#  File has not been updated.
#  recipe to execute (from 'Makefile', line 62):
	cpplint --filter=$(LINTFILTERS) $(HEADERS) $(SOURCES)

helgrind:
#  Phony target (prerequisite of .PHONY).
#  Implicit rule search has not been done.
#  File does not exist.
#  File has not been updated.
#  recipe to execute (from 'Makefile', line 55):
	valgrind --tool=helgrind --quiet $(EXEFILE)

# files hash-table stats:
# Load=27/1024=3%, Rehash=0, Collisions=2/85=2%
# VPATH Search Paths

# No 'vpath' search paths.

# No general ('VPATH' variable) search path.

# strcache buffers: 1 (0) / strings = 46 / storage = 539 B / avg = 11 B
# current buf: size = 8162 B / used = 539 B / count = 46 / avg = 11 B

# strcache performance: lookups = 110 / hit rate = 58%
# hash-table stats:
# Load=46/8192=1%, Rehash=0, Collisions=4/110=4%
# Finished Make data base on Sat May 14 07:42:07 2022

 
